<?xml version="1.0" encoding="UTF-8"?>
<!-- Generated by org.testng.reporters.JUnitXMLReporter -->
<testsuite ignored="0" hostname="DESKTOP-IP564CF" failures="0" tests="3" name="Default test" time="0.259" errors="0" timestamp="2022-08-15T23:31:18 IST">
  <testcase classname="TestNg.PracticeClass" name="@BeforeTest beforeTest1" time="-1.660586478121E9">
    <failure type="org.testng.TestNGException" message="
Parameter &amp;apos;Br&amp;apos; is required by BeforeTest on method beforeTest1 but has not been marked @Optional or defined
in C:\Users\dell\AppData\Local\Temp\testng-eclipse--1965992269\testng-customsuite.xml">
      <![CDATA[org.testng.TestNGException: 
Parameter 'Br' is required by BeforeTest on method beforeTest1 but has not been marked @Optional or defined
in C:\Users\dell\AppData\Local\Temp\testng-eclipse--1965992269\testng-customsuite.xml
at org.testng.internal.Parameters.createParams(Parameters.java:270)
at org.testng.internal.Parameters.createParametersForMethod(Parameters.java:358)
at org.testng.internal.Parameters.createParameters(Parameters.java:700)
at org.testng.internal.Parameters.createConfigurationParameters(Parameters.java:168)
at org.testng.internal.ConfigInvoker.invokeConfigurations(ConfigInvoker.java:302)
at org.testng.TestRunner.invokeTestConfigurations(TestRunner.java:637)
at org.testng.TestRunner.beforeRun(TestRunner.java:627)
at org.testng.TestRunner.run(TestRunner.java:589)
at org.testng.SuiteRunner.runTest(SuiteRunner.java:377)
at org.testng.SuiteRunner.runSequentially(SuiteRunner.java:371)
at org.testng.SuiteRunner.privateRun(SuiteRunner.java:332)
at org.testng.SuiteRunner.run(SuiteRunner.java:276)
at org.testng.SuiteRunnerWorker.runSuite(SuiteRunnerWorker.java:53)
at org.testng.SuiteRunnerWorker.run(SuiteRunnerWorker.java:96)
at org.testng.TestNG.runSuitesSequentially(TestNG.java:1212)
at org.testng.TestNG.runSuitesLocally(TestNG.java:1134)
at org.testng.TestNG.runSuites(TestNG.java:1063)
at org.testng.TestNG.run(TestNG.java:1031)
at org.testng.remote.AbstractRemoteTestNG.run(AbstractRemoteTestNG.java:115)
at org.testng.remote.RemoteTestNG.initAndRun(RemoteTestNG.java:251)
at org.testng.remote.RemoteTestNG.main(RemoteTestNG.java:77)
]]>
    </failure>
  </testcase> <!-- @BeforeTest beforeTest1 -->
  <testcase classname="TestNg.PracticeClass" name="@BeforeClass beforeClass" time="-1.660586478203E9">
    <skipped/>
  </testcase> <!-- @BeforeClass beforeClass -->
  <testcase classname="TestNg.PracticeClass" name="@BeforeMethod beforeMethod" time="-1.660586478241E9">
    <skipped/>
  </testcase> <!-- @BeforeMethod beforeMethod -->
  <testcase classname="TestNg.PracticeClass" name="@AfterMethod afterMethod" time="-1.660586478273E9">
    <skipped/>
  </testcase> <!-- @AfterMethod afterMethod -->
  <testcase classname="TestNg.PracticeClass" name="@BeforeMethod beforeMethod" time="-1.660586478293E9">
    <skipped/>
  </testcase> <!-- @BeforeMethod beforeMethod -->
  <testcase classname="TestNg.PracticeClass" name="@AfterMethod afterMethod" time="-1.660586478324E9">
    <skipped/>
  </testcase> <!-- @AfterMethod afterMethod -->
  <testcase classname="TestNg.PracticeClass" name="@BeforeMethod beforeMethod" time="-1.660586478334E9">
    <skipped/>
  </testcase> <!-- @BeforeMethod beforeMethod -->
  <testcase classname="TestNg.PracticeClass" name="@AfterMethod afterMethod" time="-1.66058647836E9">
    <skipped/>
  </testcase> <!-- @AfterMethod afterMethod -->
  <testcase classname="TestNg.PracticeClass" name="@AfterClass afterClass" time="-1.66058647837E9">
    <skipped/>
  </testcase> <!-- @AfterClass afterClass -->
  <testcase classname="TestNg.PracticeClass" name="@AfterTest afterTest" time="-1.660586478373E9">
    <skipped/>
  </testcase> <!-- @AfterTest afterTest -->
  <testcase classname="TestNg.PracticeClass" name="firstTest" time="0.0">
    <skipped/>
  </testcase> <!-- firstTest -->
  <testcase classname="TestNg.PracticeClass" name="firstTesttttt" time="0.0">
    <skipped/>
  </testcase> <!-- firstTesttttt -->
  <testcase classname="TestNg.PracticeClass" name="firstTestttttyyy" time="0.0">
    <skipped/>
  </testcase> <!-- firstTestttttyyy -->
</testsuite> <!-- Default test -->
